# JRE version: OpenJDK Runtime Environment (21.0.7) (build 21.0.7+-13880790-b1038.58)
# Java VM: OpenJDK 64-Bit Server VM (21.0.7+-13880790-b1038.58, mixed mode, tiered, compressed oops, compressed class ptrs, g1 gc, windows-amd64)
GC Precious Log:
 CardTable entry size: 512
 Card Set container configuration: InlinePtr #cards 5 size 8 Array Of Cards #cards 12 size 40 Howl #buckets 4 coarsen threshold 1843 Howl Bitmap #cards 512 size 80 coarsen threshold 460 Card regions per heap region 1 cards per card region 2048
 CPUs: 12 total, 12 available
 Memory: 7933M
 Large Page Support: Disabled
 NUMA Support: Disabled
 Compressed Oops: Enabled (32-bit)
 Heap Region Size: 1M
 Heap Min Capacity: 8M
 Heap Initial Capacity: 124M
 Heap Max Capacity: 2G
 Pre-touch: Disabled
 Parallel Workers: 10
 Concurrent Workers: 3
 Concurrent Refinement Workers: 10
 Periodic GC: Disabled
Heap:
 garbage-first heap   total 173056K, used 115710K [0x0000000080000000, 0x0000000100000000)
  region size 1024K, 21 young (21504K), 7 survivors (7168K)
 Metaspace       used 110633K, committed 112768K, reserved 1179648K
  class space    used 15266K, committed 16320K, reserved 1048576K
GC Heap History (20 events):
Event: 40.683 GC heap before
{Heap before GC invocations=26 (full 0):
 garbage-first heap   total 139264K, used 121838K [0x0000000080000000, 0x0000000100000000)
  region size 1024K, 46 young (47104K), 2 survivors (2048K)
 Metaspace       used 84594K, committed 86464K, reserved 1179648K
  class space    used 11453K, committed 12352K, reserved 1048576K
}
Event: 40.694 GC heap after
{Heap after GC invocations=27 (full 0):
 garbage-first heap   total 139264K, used 80614K [0x0000000080000000, 0x0000000100000000)
  region size 1024K, 5 young (5120K), 5 survivors (5120K)
 Metaspace       used 84594K, committed 86464K, reserved 1179648K
  class space    used 11453K, committed 12352K, reserved 1048576K
}
Event: 42.515 GC heap before
{Heap before GC invocations=28 (full 0):
 garbage-first heap   total 143360K, used 129766K [0x0000000080000000, 0x0000000100000000)
  region size 1024K, 48 young (49152K), 5 survivors (5120K)
 Metaspace       used 86974K, committed 88896K, reserved 1179648K
  class space    used 11791K, committed 12736K, reserved 1048576K
}
Event: 42.523 GC heap after
{Heap after GC invocations=29 (full 0):
 garbage-first heap   total 143360K, used 85294K [0x0000000080000000, 0x0000000100000000)
  region size 1024K, 6 young (6144K), 6 survivors (6144K)
 Metaspace       used 86974K, committed 88896K, reserved 1179648K
  class space    used 11791K, committed 12736K, reserved 1048576K
}
Event: 43.654 GC heap before
{Heap before GC invocations=29 (full 0):
 garbage-first heap   total 143360K, used 128302K [0x0000000080000000, 0x0000000100000000)
  region size 1024K, 48 young (49152K), 6 survivors (6144K)
 Metaspace       used 91233K, committed 93184K, reserved 1179648K
  class space    used 12335K, committed 13312K, reserved 1048576K
}
Event: 43.662 GC heap after
{Heap after GC invocations=30 (full 0):
 garbage-first heap   total 143360K, used 87243K [0x0000000080000000, 0x0000000100000000)
  region size 1024K, 3 young (3072K), 3 survivors (3072K)
 Metaspace       used 91233K, committed 93184K, reserved 1179648K
  class space    used 12335K, committed 13312K, reserved 1048576K
}
Event: 43.848 GC heap before
{Heap before GC invocations=30 (full 0):
 garbage-first heap   total 143360K, used 92363K [0x0000000080000000, 0x0000000100000000)
  region size 1024K, 9 young (9216K), 3 survivors (3072K)
 Metaspace       used 91961K, committed 93952K, reserved 1179648K
  class space    used 12428K, committed 13376K, reserved 1048576K
}
Event: 43.852 GC heap after
{Heap after GC invocations=31 (full 0):
 garbage-first heap   total 143360K, used 87312K [0x0000000080000000, 0x0000000100000000)
  region size 1024K, 3 young (3072K), 3 survivors (3072K)
 Metaspace       used 91961K, committed 93952K, reserved 1179648K
  class space    used 12428K, committed 13376K, reserved 1048576K
}
Event: 45.084 GC heap before
{Heap before GC invocations=32 (full 0):
 garbage-first heap   total 152576K, used 133392K [0x0000000080000000, 0x0000000100000000)
  region size 1024K, 45 young (46080K), 3 survivors (3072K)
 Metaspace       used 95188K, committed 97216K, reserved 1179648K
  class space    used 12877K, committed 13888K, reserved 1048576K
}
Event: 45.092 GC heap after
{Heap after GC invocations=33 (full 0):
 garbage-first heap   total 152576K, used 92775K [0x0000000080000000, 0x0000000100000000)
  region size 1024K, 5 young (5120K), 5 survivors (5120K)
 Metaspace       used 95188K, committed 97216K, reserved 1179648K
  class space    used 12877K, committed 13888K, reserved 1048576K
}
Event: 46.765 GC heap before
{Heap before GC invocations=33 (full 0):
 garbage-first heap   total 152576K, used 137831K [0x0000000080000000, 0x0000000100000000)
  region size 1024K, 49 young (50176K), 5 survivors (5120K)
 Metaspace       used 96461K, committed 98496K, reserved 1179648K
  class space    used 13071K, committed 14080K, reserved 1048576K
}
Event: 46.776 GC heap after
{Heap after GC invocations=34 (full 0):
 garbage-first heap   total 152576K, used 96439K [0x0000000080000000, 0x0000000100000000)
  region size 1024K, 7 young (7168K), 7 survivors (7168K)
 Metaspace       used 96461K, committed 98496K, reserved 1179648K
  class space    used 13071K, committed 14080K, reserved 1048576K
}
Event: 47.771 GC heap before
{Heap before GC invocations=34 (full 0):
 garbage-first heap   total 152576K, used 136375K [0x0000000080000000, 0x0000000100000000)
  region size 1024K, 46 young (47104K), 7 survivors (7168K)
 Metaspace       used 99397K, committed 101440K, reserved 1179648K
  class space    used 13464K, committed 14464K, reserved 1048576K
}
Event: 47.778 GC heap after
{Heap after GC invocations=35 (full 0):
 garbage-first heap   total 152576K, used 98178K [0x0000000080000000, 0x0000000100000000)
  region size 1024K, 3 young (3072K), 3 survivors (3072K)
 Metaspace       used 99397K, committed 101440K, reserved 1179648K
  class space    used 13464K, committed 14464K, reserved 1048576K
}
Event: 49.072 GC heap before
{Heap before GC invocations=36 (full 0):
 garbage-first heap   total 165888K, used 140162K [0x0000000080000000, 0x0000000100000000)
  region size 1024K, 43 young (44032K), 3 survivors (3072K)
 Metaspace       used 102497K, committed 104576K, reserved 1179648K
  class space    used 13977K, committed 14976K, reserved 1048576K
}
Event: 49.079 GC heap after
{Heap after GC invocations=37 (full 0):
 garbage-first heap   total 165888K, used 98969K [0x0000000080000000, 0x0000000100000000)
  region size 1024K, 3 young (3072K), 3 survivors (3072K)
 Metaspace       used 102497K, committed 104576K, reserved 1179648K
  class space    used 13977K, committed 14976K, reserved 1048576K
}
Event: 50.433 GC heap before
{Heap before GC invocations=37 (full 0):
 garbage-first heap   total 165888K, used 151193K [0x0000000080000000, 0x0000000100000000)
  region size 1024K, 54 young (55296K), 3 survivors (3072K)
 Metaspace       used 106449K, committed 108608K, reserved 1179648K
  class space    used 14626K, committed 15680K, reserved 1048576K
}
Event: 50.440 GC heap after
{Heap after GC invocations=38 (full 0):
 garbage-first heap   total 165888K, used 99972K [0x0000000080000000, 0x0000000100000000)
  region size 1024K, 6 young (6144K), 6 survivors (6144K)
 Metaspace       used 106449K, committed 108608K, reserved 1179648K
  class space    used 14626K, committed 15680K, reserved 1048576K
}
Event: 51.586 GC heap before
{Heap before GC invocations=38 (full 0):
 garbage-first heap   total 165888K, used 149124K [0x0000000080000000, 0x0000000100000000)
  region size 1024K, 54 young (55296K), 6 survivors (6144K)
 Metaspace       used 110142K, committed 112320K, reserved 1179648K
  class space    used 15158K, committed 16256K, reserved 1048576K
}
Event: 51.596 GC heap after
{Heap after GC invocations=39 (full 0):
 garbage-first heap   total 165888K, used 102398K [0x0000000080000000, 0x0000000100000000)
  region size 1024K, 7 young (7168K), 7 survivors (7168K)
 Metaspace       used 110142K, committed 112320K, reserved 1179648K
  class space    used 15158K, committed 16256K, reserved 1048576K
}

