# JRE version: OpenJDK Runtime Environment (21.0.7) (build 21.0.7+-13880790-b1038.58)
# Java VM: OpenJDK 64-Bit Server VM (21.0.7+-13880790-b1038.58, mixed mode, tiered, compressed oops, compressed class ptrs, g1 gc, windows-amd64)
GC Precious Log:
 CardTable entry size: 512
 Card Set container configuration: InlinePtr #cards 5 size 8 Array Of Cards #cards 12 size 40 Howl #buckets 4 coarsen threshold 1843 Howl Bitmap #cards 512 size 80 coarsen threshold 460 Card regions per heap region 1 cards per card region 2048
 CPUs: 12 total, 12 available
 Memory: 7933M
 Large Page Support: Disabled
 NUMA Support: Disabled
 Compressed Oops: Enabled (32-bit)
 Heap Region Size: 1M
 Heap Min Capacity: 8M
 Heap Initial Capacity: 124M
 Heap Max Capacity: 2G
 Pre-touch: Disabled
 Parallel Workers: 10
 Concurrent Workers: 3
 Concurrent Refinement Workers: 10
 Periodic GC: Disabled
Heap:
 garbage-first heap   total 178176K, used 108510K [0x0000000080000000, 0x0000000100000000)
  region size 1024K, 5 young (5120K), 5 survivors (5120K)
 Metaspace       used 74466K, committed 76224K, reserved 1179648K
  class space    used 10278K, committed 11136K, reserved 1048576K
GC Heap History (20 events):
Event: 41.773 GC heap after
{Heap after GC invocations=18 (full 0):
 garbage-first heap   total 124928K, used 70249K [0x0000000080000000, 0x0000000100000000)
  region size 1024K, 3 young (3072K), 3 survivors (3072K)
 Metaspace       used 50529K, committed 51712K, reserved 1114112K
  class space    used 6783K, committed 7360K, reserved 1048576K
}
Event: 44.422 GC heap before
{Heap before GC invocations=18 (full 0):
 garbage-first heap   total 124928K, used 110185K [0x0000000080000000, 0x0000000100000000)
  region size 1024K, 42 young (43008K), 3 survivors (3072K)
 Metaspace       used 55257K, committed 56704K, reserved 1114112K
  class space    used 7587K, committed 8256K, reserved 1048576K
}
Event: 44.444 GC heap after
{Heap after GC invocations=19 (full 0):
 garbage-first heap   total 124928K, used 72117K [0x0000000080000000, 0x0000000100000000)
  region size 1024K, 5 young (5120K), 5 survivors (5120K)
 Metaspace       used 55257K, committed 56704K, reserved 1114112K
  class space    used 7587K, committed 8256K, reserved 1048576K
}
Event: 50.125 GC heap before
{Heap before GC invocations=19 (full 0):
 garbage-first heap   total 124928K, used 91573K [0x0000000080000000, 0x0000000100000000)
  region size 1024K, 25 young (25600K), 5 survivors (5120K)
 Metaspace       used 57234K, committed 58752K, reserved 1114112K
  class space    used 7927K, committed 8704K, reserved 1048576K
}
Event: 50.132 GC heap after
{Heap after GC invocations=20 (full 0):
 garbage-first heap   total 124928K, used 74111K [0x0000000080000000, 0x0000000100000000)
  region size 1024K, 5 young (5120K), 5 survivors (5120K)
 Metaspace       used 57234K, committed 58752K, reserved 1114112K
  class space    used 7927K, committed 8704K, reserved 1048576K
}
Event: 53.295 GC heap before
{Heap before GC invocations=21 (full 0):
 garbage-first heap   total 130048K, used 127359K [0x0000000080000000, 0x0000000100000000)
  region size 1024K, 40 young (40960K), 5 survivors (5120K)
 Metaspace       used 60180K, committed 61760K, reserved 1114112K
  class space    used 8199K, committed 8960K, reserved 1048576K
}
Event: 53.306 GC heap after
{Heap after GC invocations=22 (full 0):
 garbage-first heap   total 138240K, used 94811K [0x0000000080000000, 0x0000000100000000)
  region size 1024K, 6 young (6144K), 6 survivors (6144K)
 Metaspace       used 60180K, committed 61760K, reserved 1114112K
  class space    used 8199K, committed 8960K, reserved 1048576K
}
Event: 53.852 GC heap before
{Heap before GC invocations=22 (full 0):
 garbage-first heap   total 138240K, used 123483K [0x0000000080000000, 0x0000000100000000)
  region size 1024K, 34 young (34816K), 6 survivors (6144K)
 Metaspace       used 60778K, committed 62336K, reserved 1114112K
  class space    used 8289K, committed 9088K, reserved 1048576K
}
Event: 53.857 GC heap after
{Heap after GC invocations=23 (full 0):
 garbage-first heap   total 138240K, used 95265K [0x0000000080000000, 0x0000000100000000)
  region size 1024K, 2 young (2048K), 2 survivors (2048K)
 Metaspace       used 60778K, committed 62336K, reserved 1114112K
  class space    used 8289K, committed 9088K, reserved 1048576K
}
Event: 56.063 GC heap before
{Heap before GC invocations=23 (full 0):
 garbage-first heap   total 138240K, used 127009K [0x0000000080000000, 0x0000000100000000)
  region size 1024K, 33 young (33792K), 2 survivors (2048K)
 Metaspace       used 64946K, committed 66560K, reserved 1114112K
  class space    used 8872K, committed 9664K, reserved 1048576K
}
Event: 56.068 GC heap after
{Heap after GC invocations=24 (full 0):
 garbage-first heap   total 138240K, used 96158K [0x0000000080000000, 0x0000000100000000)
  region size 1024K, 3 young (3072K), 3 survivors (3072K)
 Metaspace       used 64946K, committed 66560K, reserved 1114112K
  class space    used 8872K, committed 9664K, reserved 1048576K
}
Event: 58.176 GC heap before
{Heap before GC invocations=25 (full 0):
 garbage-first heap   total 162816K, used 124830K [0x0000000080000000, 0x0000000100000000)
  region size 1024K, 31 young (31744K), 3 survivors (3072K)
 Metaspace       used 68570K, committed 70272K, reserved 1114112K
  class space    used 9462K, committed 10304K, reserved 1048576K
}
Event: 58.182 GC heap after
{Heap after GC invocations=26 (full 0):
 garbage-first heap   total 162816K, used 98418K [0x0000000080000000, 0x0000000100000000)
  region size 1024K, 4 young (4096K), 4 survivors (4096K)
 Metaspace       used 68570K, committed 70272K, reserved 1114112K
  class space    used 9462K, committed 10304K, reserved 1048576K
}
Event: 60.094 GC heap before
{Heap before GC invocations=26 (full 0):
 garbage-first heap   total 162816K, used 146546K [0x0000000080000000, 0x0000000100000000)
  region size 1024K, 52 young (53248K), 4 survivors (4096K)
 Metaspace       used 73494K, committed 75328K, reserved 1114112K
  class space    used 10245K, committed 11136K, reserved 1048576K
}
Event: 60.104 GC heap after
{Heap after GC invocations=27 (full 0):
 garbage-first heap   total 162816K, used 101531K [0x0000000080000000, 0x0000000100000000)
  region size 1024K, 7 young (7168K), 7 survivors (7168K)
 Metaspace       used 73494K, committed 75328K, reserved 1114112K
  class space    used 10245K, committed 11136K, reserved 1048576K
}
Event: 61.373 GC heap before
{Heap before GC invocations=27 (full 0):
 garbage-first heap   total 162816K, used 144539K [0x0000000080000000, 0x0000000100000000)
  region size 1024K, 50 young (51200K), 7 survivors (7168K)
 Metaspace       used 74199K, committed 75968K, reserved 1114112K
  class space    used 10277K, committed 11136K, reserved 1048576K
}
Event: 61.381 GC heap after
{Heap after GC invocations=28 (full 0):
 garbage-first heap   total 162816K, used 105612K [0x0000000080000000, 0x0000000100000000)
  region size 1024K, 7 young (7168K), 7 survivors (7168K)
 Metaspace       used 74199K, committed 75968K, reserved 1114112K
  class space    used 10277K, committed 11136K, reserved 1048576K
}
Event: 61.726 GC heap before
{Heap before GC invocations=29 (full 0):
 garbage-first heap   total 178176K, used 144524K [0x0000000080000000, 0x0000000100000000)
  region size 1024K, 45 young (46080K), 7 survivors (7168K)
 Metaspace       used 74412K, committed 76160K, reserved 1179648K
  class space    used 10278K, committed 11136K, reserved 1048576K
}
Event: 61.735 GC heap after
{Heap after GC invocations=30 (full 0):
 garbage-first heap   total 178176K, used 108624K [0x0000000080000000, 0x0000000100000000)
  region size 1024K, 4 young (4096K), 4 survivors (4096K)
 Metaspace       used 74412K, committed 76160K, reserved 1179648K
  class space    used 10278K, committed 11136K, reserved 1048576K
}
Event: 62.007 GC heap before
{Heap before GC invocations=30 (full 0):
 garbage-first heap   total 178176K, used 159824K [0x0000000080000000, 0x0000000100000000)
  region size 1024K, 55 young (56320K), 4 survivors (4096K)
 Metaspace       used 74466K, committed 76224K, reserved 1179648K
  class space    used 10278K, committed 11136K, reserved 1048576K
}

